2023-02-23 09:16:02.167 [main] INFO  com.sankuai.inf.leaf.server.LeafServerApplication - Starting LeafServerApplication on JKOUCOARECXGVWQ with PID 16084 (C:\Users\Administrator\IdeaProjects\jlg\leaf-master-grpc\leaf-master-grpc\leaf-server\target\classes started by Administrator in C:\Users\Administrator\IdeaProjects\jlg\leaf-master-grpc\leaf-master-grpc)
2023-02-23 09:16:02.183 [main] INFO  com.sankuai.inf.leaf.server.LeafServerApplication - The following profiles are active: sit
2023-02-23 09:16:02.276 [background-preinit] INFO  org.hibernate.validator.internal.util.Version - HV000001: Hibernate Validator 5.3.6.Final
2023-02-23 09:16:02.886 [main] INFO  org.springframework.boot.context.embedded.tomcat.TomcatEmbeddedServletContainer - Tomcat initialized with port(s): 8002 (http)
2023-02-23 09:16:02.886 [main] INFO  org.apache.coyote.http11.Http11NioProtocol - Initializing ProtocolHandler ["http-nio-8002"]
2023-02-23 09:16:02.901 [main] INFO  org.apache.catalina.core.StandardService - Starting service [Tomcat]
2023-02-23 09:16:02.901 [main] INFO  org.apache.catalina.core.StandardEngine - Starting Servlet Engine: Apache Tomcat/8.5.35
2023-02-23 09:16:02.964 [localhost-startStop-1] INFO  org.apache.catalina.core.ContainerBase.[Tomcat].[localhost].[/] - Initializing Spring embedded WebApplicationContext
2023-02-23 09:16:02.964 [localhost-startStop-1] INFO  org.springframework.web.context.ContextLoader - Root WebApplicationContext: initialization completed in 750 ms
2023-02-23 09:16:02.995 [localhost-startStop-1] INFO  org.springframework.boot.web.servlet.ServletRegistrationBean - Mapping servlet: 'dispatcherServlet' to [/]
2023-02-23 09:16:03.011 [localhost-startStop-1] INFO  org.springframework.boot.web.servlet.FilterRegistrationBean - Mapping filter: 'characterEncodingFilter' to: [/*]
2023-02-23 09:16:03.011 [localhost-startStop-1] INFO  org.springframework.boot.web.servlet.FilterRegistrationBean - Mapping filter: 'hiddenHttpMethodFilter' to: [/*]
2023-02-23 09:16:03.011 [localhost-startStop-1] INFO  org.springframework.boot.web.servlet.FilterRegistrationBean - Mapping filter: 'httpPutFormContentFilter' to: [/*]
2023-02-23 09:16:03.011 [localhost-startStop-1] INFO  org.springframework.boot.web.servlet.FilterRegistrationBean - Mapping filter: 'requestContextFilter' to: [/*]
2023-02-23 09:16:03.058 [main] INFO  com.alibaba.druid.pool.DruidDataSource - {dataSource-1} inited
2023-02-23 09:16:03.120 [main] INFO  com.sankuai.inf.leaf.segment.SegmentIDGenImpl - Init ...
2023-02-23 09:16:03.120 [main] INFO  com.sankuai.inf.leaf.segment.SegmentIDGenImpl - update cache from db
2023-02-23 09:16:03.542 [main] INFO  com.sankuai.inf.leaf.segment.SegmentIDGenImpl - Add tag a from db to IdCache, SegmentBuffer SegmentBuffer{key='a', segments=[Segment(value:0,max:0,step:0), Segment(value:0,max:0,step:0)], currentPos=0, nextReady=false, initOk=false, threadRunning=false, step=0, minStep=0, updateTimestamp=0}
2023-02-23 09:16:03.542 [main] INFO  com.sankuai.inf.leaf.segment.SegmentIDGenImpl - Add tag b from db to IdCache, SegmentBuffer SegmentBuffer{key='b', segments=[Segment(value:0,max:0,step:0), Segment(value:0,max:0,step:0)], currentPos=0, nextReady=false, initOk=false, threadRunning=false, step=0, minStep=0, updateTimestamp=0}
2023-02-23 09:16:03.542 [main] INFO  com.sankuai.inf.leaf.segment.SegmentIDGenImpl - Add tag c from db to IdCache, SegmentBuffer SegmentBuffer{key='c', segments=[Segment(value:0,max:0,step:0), Segment(value:0,max:0,step:0)], currentPos=0, nextReady=false, initOk=false, threadRunning=false, step=0, minStep=0, updateTimestamp=0}
2023-02-23 09:16:03.542 [main] INFO  org.perf4j.TimingLogger - start[1677114963120] time[426] tag[updateCacheFromDb]
2023-02-23 09:16:03.542 [main] INFO  com.sankuai.inf.leaf.server.service.SegmentService - Segment Service Init Successfully
2023-02-23 09:16:03.542 [main] INFO  com.sankuai.inf.leaf.server.service.SnowflakeService - Zero ID Gen Service Init Successfully
2023-02-23 09:16:03.648 [main] INFO  org.springframework.web.servlet.mvc.method.annotation.RequestMappingHandlerAdapter - Looking for @ControllerAdvice: org.springframework.boot.context.embedded.AnnotationConfigEmbeddedWebApplicationContext@3fc79729, started on Thu Feb 23 09:16:02 CST 2023
2023-02-23 09:16:03.679 [main] INFO  org.springframework.web.servlet.mvc.method.annotation.RequestMappingHandlerMapping - Mapped "{[/api/segment/get/{key}]}" onto public com.sankuai.inf.leaf.common.Result com.sankuai.inf.leaf.server.controller.LeafController.getSegmentId(java.lang.String)
2023-02-23 09:16:03.679 [main] INFO  org.springframework.web.servlet.mvc.method.annotation.RequestMappingHandlerMapping - Mapped "{[/cache]}" onto public java.lang.String com.sankuai.inf.leaf.server.controller.LeafMonitorController.getCache(org.springframework.ui.Model)
2023-02-23 09:16:03.679 [main] INFO  org.springframework.web.servlet.mvc.method.annotation.RequestMappingHandlerMapping - Mapped "{[/decodeSnowflakeId]}" onto public java.util.Map<java.lang.String, java.lang.String> com.sankuai.inf.leaf.server.controller.LeafMonitorController.decodeSnowflakeId(java.lang.String)
2023-02-23 09:16:03.679 [main] INFO  org.springframework.web.servlet.mvc.method.annotation.RequestMappingHandlerMapping - Mapped "{[/db]}" onto public java.lang.String com.sankuai.inf.leaf.server.controller.LeafMonitorController.getDb(org.springframework.ui.Model)
2023-02-23 09:16:03.679 [main] INFO  org.springframework.web.servlet.mvc.method.annotation.RequestMappingHandlerMapping - Mapped "{[/error]}" onto public org.springframework.http.ResponseEntity<java.util.Map<java.lang.String, java.lang.Object>> org.springframework.boot.autoconfigure.web.BasicErrorController.error(javax.servlet.http.HttpServletRequest)
2023-02-23 09:16:03.679 [main] INFO  org.springframework.web.servlet.mvc.method.annotation.RequestMappingHandlerMapping - Mapped "{[/error],produces=[text/html]}" onto public org.springframework.web.servlet.ModelAndView org.springframework.boot.autoconfigure.web.BasicErrorController.errorHtml(javax.servlet.http.HttpServletRequest,javax.servlet.http.HttpServletResponse)
2023-02-23 09:16:03.695 [main] INFO  org.springframework.web.servlet.handler.SimpleUrlHandlerMapping - Mapped URL path [/webjars/**] onto handler of type [class org.springframework.web.servlet.resource.ResourceHttpRequestHandler]
2023-02-23 09:16:03.695 [main] INFO  org.springframework.web.servlet.handler.SimpleUrlHandlerMapping - Mapped URL path [/**] onto handler of type [class org.springframework.web.servlet.resource.ResourceHttpRequestHandler]
2023-02-23 09:16:03.695 [main] INFO  org.springframework.web.servlet.handler.SimpleUrlHandlerMapping - Mapped URL path [/**/favicon.ico] onto handler of type [class org.springframework.web.servlet.resource.ResourceHttpRequestHandler]
2023-02-23 09:16:03.883 [main] INFO  org.springframework.web.servlet.view.freemarker.FreeMarkerConfigurer - ClassTemplateLoader for Spring macros added to FreeMarker configuration
2023-02-23 09:16:03.945 [main] INFO  net.devh.boot.grpc.server.serverfactory.AbstractGrpcServerFactory - Registered gRPC service: LeafSegmentService, bean: leafSegmentServiceGrpc, class: com.sankuai.inf.leaf.server.grpcService.LeafSegmentServiceGrpc
2023-02-23 09:16:04.164 [main] INFO  org.apache.catalina.core.StandardService - Stopping service [Tomcat]
2023-02-23 09:16:04.164 [main] INFO  org.springframework.boot.autoconfigure.logging.AutoConfigurationReportLoggingInitializer - 

Error starting ApplicationContext. To display the auto-configuration report re-run your application with 'debug' enabled.
2023-02-23 09:16:16.848 [main] INFO  com.sankuai.inf.leaf.server.LeafServerApplication - Starting LeafServerApplication on JKOUCOARECXGVWQ with PID 13740 (C:\Users\Administrator\IdeaProjects\jlg\leaf-master-grpc\leaf-master-grpc\leaf-server\target\classes started by Administrator in C:\Users\Administrator\IdeaProjects\jlg\leaf-master-grpc\leaf-master-grpc)
2023-02-23 09:16:16.848 [main] INFO  com.sankuai.inf.leaf.server.LeafServerApplication - The following profiles are active: sit
2023-02-23 09:16:16.942 [background-preinit] INFO  org.hibernate.validator.internal.util.Version - HV000001: Hibernate Validator 5.3.6.Final
2023-02-23 09:16:17.536 [main] INFO  org.springframework.boot.context.embedded.tomcat.TomcatEmbeddedServletContainer - Tomcat initialized with port(s): 8001 (http)
2023-02-23 09:16:17.536 [main] INFO  org.apache.coyote.http11.Http11NioProtocol - Initializing ProtocolHandler ["http-nio-8001"]
2023-02-23 09:16:17.551 [main] INFO  org.apache.catalina.core.StandardService - Starting service [Tomcat]
2023-02-23 09:16:17.551 [main] INFO  org.apache.catalina.core.StandardEngine - Starting Servlet Engine: Apache Tomcat/8.5.35
2023-02-23 09:16:17.629 [localhost-startStop-1] INFO  org.apache.catalina.core.ContainerBase.[Tomcat].[localhost].[/] - Initializing Spring embedded WebApplicationContext
2023-02-23 09:16:17.629 [localhost-startStop-1] INFO  org.springframework.web.context.ContextLoader - Root WebApplicationContext: initialization completed in 750 ms
2023-02-23 09:16:17.661 [localhost-startStop-1] INFO  org.springframework.boot.web.servlet.ServletRegistrationBean - Mapping servlet: 'dispatcherServlet' to [/]
2023-02-23 09:16:17.661 [localhost-startStop-1] INFO  org.springframework.boot.web.servlet.FilterRegistrationBean - Mapping filter: 'characterEncodingFilter' to: [/*]
2023-02-23 09:16:17.661 [localhost-startStop-1] INFO  org.springframework.boot.web.servlet.FilterRegistrationBean - Mapping filter: 'hiddenHttpMethodFilter' to: [/*]
2023-02-23 09:16:17.661 [localhost-startStop-1] INFO  org.springframework.boot.web.servlet.FilterRegistrationBean - Mapping filter: 'httpPutFormContentFilter' to: [/*]
2023-02-23 09:16:17.661 [localhost-startStop-1] INFO  org.springframework.boot.web.servlet.FilterRegistrationBean - Mapping filter: 'requestContextFilter' to: [/*]
2023-02-23 09:16:17.723 [main] INFO  com.alibaba.druid.pool.DruidDataSource - {dataSource-1} inited
2023-02-23 09:16:17.786 [main] INFO  com.sankuai.inf.leaf.segment.SegmentIDGenImpl - Init ...
2023-02-23 09:16:17.786 [main] INFO  com.sankuai.inf.leaf.segment.SegmentIDGenImpl - update cache from db
2023-02-23 09:16:18.187 [main] INFO  com.sankuai.inf.leaf.segment.SegmentIDGenImpl - Add tag a from db to IdCache, SegmentBuffer SegmentBuffer{key='a', segments=[Segment(value:0,max:0,step:0), Segment(value:0,max:0,step:0)], currentPos=0, nextReady=false, initOk=false, threadRunning=false, step=0, minStep=0, updateTimestamp=0}
2023-02-23 09:16:18.187 [main] INFO  com.sankuai.inf.leaf.segment.SegmentIDGenImpl - Add tag b from db to IdCache, SegmentBuffer SegmentBuffer{key='b', segments=[Segment(value:0,max:0,step:0), Segment(value:0,max:0,step:0)], currentPos=0, nextReady=false, initOk=false, threadRunning=false, step=0, minStep=0, updateTimestamp=0}
2023-02-23 09:16:18.187 [main] INFO  com.sankuai.inf.leaf.segment.SegmentIDGenImpl - Add tag c from db to IdCache, SegmentBuffer SegmentBuffer{key='c', segments=[Segment(value:0,max:0,step:0), Segment(value:0,max:0,step:0)], currentPos=0, nextReady=false, initOk=false, threadRunning=false, step=0, minStep=0, updateTimestamp=0}
2023-02-23 09:16:18.187 [main] INFO  org.perf4j.TimingLogger - start[1677114977786] time[398] tag[updateCacheFromDb]
2023-02-23 09:16:18.187 [main] INFO  com.sankuai.inf.leaf.server.service.SegmentService - Segment Service Init Successfully
2023-02-23 09:16:18.187 [main] INFO  com.sankuai.inf.leaf.server.service.SnowflakeService - Zero ID Gen Service Init Successfully
2023-02-23 09:16:18.297 [main] INFO  org.springframework.web.servlet.mvc.method.annotation.RequestMappingHandlerAdapter - Looking for @ControllerAdvice: org.springframework.boot.context.embedded.AnnotationConfigEmbeddedWebApplicationContext@3fc79729, started on Thu Feb 23 09:16:16 CST 2023
2023-02-23 09:16:18.312 [main] INFO  org.springframework.web.servlet.mvc.method.annotation.RequestMappingHandlerMapping - Mapped "{[/api/segment/get/{key}]}" onto public com.sankuai.inf.leaf.common.Result com.sankuai.inf.leaf.server.controller.LeafController.getSegmentId(java.lang.String)
2023-02-23 09:16:18.328 [main] INFO  org.springframework.web.servlet.mvc.method.annotation.RequestMappingHandlerMapping - Mapped "{[/cache]}" onto public java.lang.String com.sankuai.inf.leaf.server.controller.LeafMonitorController.getCache(org.springframework.ui.Model)
2023-02-23 09:16:18.328 [main] INFO  org.springframework.web.servlet.mvc.method.annotation.RequestMappingHandlerMapping - Mapped "{[/db]}" onto public java.lang.String com.sankuai.inf.leaf.server.controller.LeafMonitorController.getDb(org.springframework.ui.Model)
2023-02-23 09:16:18.328 [main] INFO  org.springframework.web.servlet.mvc.method.annotation.RequestMappingHandlerMapping - Mapped "{[/decodeSnowflakeId]}" onto public java.util.Map<java.lang.String, java.lang.String> com.sankuai.inf.leaf.server.controller.LeafMonitorController.decodeSnowflakeId(java.lang.String)
2023-02-23 09:16:18.328 [main] INFO  org.springframework.web.servlet.mvc.method.annotation.RequestMappingHandlerMapping - Mapped "{[/error]}" onto public org.springframework.http.ResponseEntity<java.util.Map<java.lang.String, java.lang.Object>> org.springframework.boot.autoconfigure.web.BasicErrorController.error(javax.servlet.http.HttpServletRequest)
2023-02-23 09:16:18.328 [main] INFO  org.springframework.web.servlet.mvc.method.annotation.RequestMappingHandlerMapping - Mapped "{[/error],produces=[text/html]}" onto public org.springframework.web.servlet.ModelAndView org.springframework.boot.autoconfigure.web.BasicErrorController.errorHtml(javax.servlet.http.HttpServletRequest,javax.servlet.http.HttpServletResponse)
2023-02-23 09:16:18.328 [main] INFO  org.springframework.web.servlet.handler.SimpleUrlHandlerMapping - Mapped URL path [/webjars/**] onto handler of type [class org.springframework.web.servlet.resource.ResourceHttpRequestHandler]
2023-02-23 09:16:18.328 [main] INFO  org.springframework.web.servlet.handler.SimpleUrlHandlerMapping - Mapped URL path [/**] onto handler of type [class org.springframework.web.servlet.resource.ResourceHttpRequestHandler]
2023-02-23 09:16:18.343 [main] INFO  org.springframework.web.servlet.handler.SimpleUrlHandlerMapping - Mapped URL path [/**/favicon.ico] onto handler of type [class org.springframework.web.servlet.resource.ResourceHttpRequestHandler]
2023-02-23 09:16:18.515 [main] INFO  org.springframework.web.servlet.view.freemarker.FreeMarkerConfigurer - ClassTemplateLoader for Spring macros added to FreeMarker configuration
2023-02-23 09:16:18.578 [main] INFO  net.devh.boot.grpc.server.serverfactory.AbstractGrpcServerFactory - Registered gRPC service: LeafSegmentService, bean: leafSegmentServiceGrpc, class: com.sankuai.inf.leaf.server.grpcService.LeafSegmentServiceGrpc
2023-02-23 09:16:18.781 [main] INFO  org.apache.catalina.core.StandardService - Stopping service [Tomcat]
2023-02-23 09:16:18.797 [main] INFO  org.springframework.boot.autoconfigure.logging.AutoConfigurationReportLoggingInitializer - 

Error starting ApplicationContext. To display the auto-configuration report re-run your application with 'debug' enabled.
2023-02-23 09:22:10.896 [main] INFO  com.sankuai.inf.leaf.server.LeafServerApplication - Starting LeafServerApplication on JKOUCOARECXGVWQ with PID 12204 (C:\Users\Administrator\IdeaProjects\jlg\leaf-master-grpc\leaf-master-grpc\leaf-server\target\classes started by Administrator in C:\Users\Administrator\IdeaProjects\jlg\leaf-master-grpc\leaf-master-grpc)
2023-02-23 09:22:10.912 [main] INFO  com.sankuai.inf.leaf.server.LeafServerApplication - The following profiles are active: sit
2023-02-23 09:22:10.992 [background-preinit] INFO  org.hibernate.validator.internal.util.Version - HV000001: Hibernate Validator 5.3.6.Final
2023-02-23 09:22:11.606 [main] INFO  org.springframework.boot.context.embedded.tomcat.TomcatEmbeddedServletContainer - Tomcat initialized with port(s): 8004 (http)
2023-02-23 09:22:11.621 [main] INFO  org.apache.coyote.http11.Http11NioProtocol - Initializing ProtocolHandler ["http-nio-8004"]
2023-02-23 09:22:11.621 [main] INFO  org.apache.catalina.core.StandardService - Starting service [Tomcat]
2023-02-23 09:22:11.621 [main] INFO  org.apache.catalina.core.StandardEngine - Starting Servlet Engine: Apache Tomcat/8.5.35
2023-02-23 09:22:11.699 [localhost-startStop-1] INFO  org.apache.catalina.core.ContainerBase.[Tomcat].[localhost].[/] - Initializing Spring embedded WebApplicationContext
2023-02-23 09:22:11.699 [localhost-startStop-1] INFO  org.springframework.web.context.ContextLoader - Root WebApplicationContext: initialization completed in 772 ms
2023-02-23 09:22:11.746 [localhost-startStop-1] INFO  org.springframework.boot.web.servlet.ServletRegistrationBean - Mapping servlet: 'dispatcherServlet' to [/]
2023-02-23 09:22:11.746 [localhost-startStop-1] INFO  org.springframework.boot.web.servlet.FilterRegistrationBean - Mapping filter: 'characterEncodingFilter' to: [/*]
2023-02-23 09:22:11.746 [localhost-startStop-1] INFO  org.springframework.boot.web.servlet.FilterRegistrationBean - Mapping filter: 'hiddenHttpMethodFilter' to: [/*]
2023-02-23 09:22:11.746 [localhost-startStop-1] INFO  org.springframework.boot.web.servlet.FilterRegistrationBean - Mapping filter: 'httpPutFormContentFilter' to: [/*]
2023-02-23 09:22:11.746 [localhost-startStop-1] INFO  org.springframework.boot.web.servlet.FilterRegistrationBean - Mapping filter: 'requestContextFilter' to: [/*]
2023-02-23 09:22:11.809 [main] INFO  com.alibaba.druid.pool.DruidDataSource - {dataSource-1} inited
2023-02-23 09:22:11.856 [main] INFO  com.sankuai.inf.leaf.segment.SegmentIDGenImpl - Init ...
2023-02-23 09:22:11.856 [main] INFO  com.sankuai.inf.leaf.segment.SegmentIDGenImpl - update cache from db
2023-02-23 09:22:12.246 [main] INFO  com.sankuai.inf.leaf.segment.SegmentIDGenImpl - Add tag a from db to IdCache, SegmentBuffer SegmentBuffer{key='a', segments=[Segment(value:0,max:0,step:0), Segment(value:0,max:0,step:0)], currentPos=0, nextReady=false, initOk=false, threadRunning=false, step=0, minStep=0, updateTimestamp=0}
2023-02-23 09:22:12.246 [main] INFO  com.sankuai.inf.leaf.segment.SegmentIDGenImpl - Add tag b from db to IdCache, SegmentBuffer SegmentBuffer{key='b', segments=[Segment(value:0,max:0,step:0), Segment(value:0,max:0,step:0)], currentPos=0, nextReady=false, initOk=false, threadRunning=false, step=0, minStep=0, updateTimestamp=0}
2023-02-23 09:22:12.246 [main] INFO  com.sankuai.inf.leaf.segment.SegmentIDGenImpl - Add tag c from db to IdCache, SegmentBuffer SegmentBuffer{key='c', segments=[Segment(value:0,max:0,step:0), Segment(value:0,max:0,step:0)], currentPos=0, nextReady=false, initOk=false, threadRunning=false, step=0, minStep=0, updateTimestamp=0}
2023-02-23 09:22:12.246 [main] INFO  org.perf4j.TimingLogger - start[1677115331856] time[377] tag[updateCacheFromDb]
2023-02-23 09:22:12.246 [main] INFO  com.sankuai.inf.leaf.server.service.SegmentService - Segment Service Init Successfully
2023-02-23 09:22:12.246 [main] INFO  com.sankuai.inf.leaf.server.service.SnowflakeService - Zero ID Gen Service Init Successfully
2023-02-23 09:22:12.340 [main] INFO  org.springframework.web.servlet.mvc.method.annotation.RequestMappingHandlerAdapter - Looking for @ControllerAdvice: org.springframework.boot.context.embedded.AnnotationConfigEmbeddedWebApplicationContext@3fc79729, started on Thu Feb 23 09:22:10 CST 2023
2023-02-23 09:22:12.371 [main] INFO  org.springframework.web.servlet.mvc.method.annotation.RequestMappingHandlerMapping - Mapped "{[/api/segment/get/{key}]}" onto public com.sankuai.inf.leaf.common.Result com.sankuai.inf.leaf.server.controller.LeafController.getSegmentId(java.lang.String)
2023-02-23 09:22:12.371 [main] INFO  org.springframework.web.servlet.mvc.method.annotation.RequestMappingHandlerMapping - Mapped "{[/cache]}" onto public java.lang.String com.sankuai.inf.leaf.server.controller.LeafMonitorController.getCache(org.springframework.ui.Model)
2023-02-23 09:22:12.371 [main] INFO  org.springframework.web.servlet.mvc.method.annotation.RequestMappingHandlerMapping - Mapped "{[/decodeSnowflakeId]}" onto public java.util.Map<java.lang.String, java.lang.String> com.sankuai.inf.leaf.server.controller.LeafMonitorController.decodeSnowflakeId(java.lang.String)
2023-02-23 09:22:12.371 [main] INFO  org.springframework.web.servlet.mvc.method.annotation.RequestMappingHandlerMapping - Mapped "{[/db]}" onto public java.lang.String com.sankuai.inf.leaf.server.controller.LeafMonitorController.getDb(org.springframework.ui.Model)
2023-02-23 09:22:12.371 [main] INFO  org.springframework.web.servlet.mvc.method.annotation.RequestMappingHandlerMapping - Mapped "{[/error]}" onto public org.springframework.http.ResponseEntity<java.util.Map<java.lang.String, java.lang.Object>> org.springframework.boot.autoconfigure.web.BasicErrorController.error(javax.servlet.http.HttpServletRequest)
2023-02-23 09:22:12.371 [main] INFO  org.springframework.web.servlet.mvc.method.annotation.RequestMappingHandlerMapping - Mapped "{[/error],produces=[text/html]}" onto public org.springframework.web.servlet.ModelAndView org.springframework.boot.autoconfigure.web.BasicErrorController.errorHtml(javax.servlet.http.HttpServletRequest,javax.servlet.http.HttpServletResponse)
2023-02-23 09:22:12.387 [main] INFO  org.springframework.web.servlet.handler.SimpleUrlHandlerMapping - Mapped URL path [/webjars/**] onto handler of type [class org.springframework.web.servlet.resource.ResourceHttpRequestHandler]
2023-02-23 09:22:12.387 [main] INFO  org.springframework.web.servlet.handler.SimpleUrlHandlerMapping - Mapped URL path [/**] onto handler of type [class org.springframework.web.servlet.resource.ResourceHttpRequestHandler]
2023-02-23 09:22:12.387 [main] INFO  org.springframework.web.servlet.handler.SimpleUrlHandlerMapping - Mapped URL path [/**/favicon.ico] onto handler of type [class org.springframework.web.servlet.resource.ResourceHttpRequestHandler]
2023-02-23 09:22:12.562 [main] INFO  org.springframework.web.servlet.view.freemarker.FreeMarkerConfigurer - ClassTemplateLoader for Spring macros added to FreeMarker configuration
2023-02-23 09:22:12.640 [main] INFO  net.devh.boot.grpc.server.serverfactory.AbstractGrpcServerFactory - Registered gRPC service: LeafSegmentService, bean: leafSegmentServiceGrpc, class: com.sankuai.inf.leaf.server.grpcService.LeafSegmentServiceGrpc
2023-02-23 09:22:12.875 [main] INFO  net.devh.boot.grpc.server.serverfactory.GrpcServerLifecycle - gRPC Server started, listening on address: *, port: 8098
2023-02-23 09:22:12.875 [main] INFO  org.apache.coyote.http11.Http11NioProtocol - Starting ProtocolHandler ["http-nio-8004"]
2023-02-23 09:22:12.890 [main] INFO  org.apache.tomcat.util.net.NioSelectorPool - Using a shared selector for servlet write/read
2023-02-23 09:22:12.890 [main] INFO  org.springframework.boot.context.embedded.tomcat.TomcatEmbeddedServletContainer - Tomcat started on port(s): 8004 (http)
2023-02-23 09:22:12.890 [main] INFO  com.sankuai.inf.leaf.server.LeafServerApplication - Started LeafServerApplication in 2.263 seconds (JVM running for 2.781)
2023-02-23 09:23:06.340 [grpc-default-executor-0] INFO  org.perf4j.TimingLogger - start[1677115386335] time[4] tag[updateSegmentFromDb] message[a Segment(value:601,max:701,step:100)]
2023-02-23 09:23:06.340 [grpc-default-executor-0] INFO  com.sankuai.inf.leaf.segment.SegmentIDGenImpl - Init buffer. Update leafkey a Segment(value:601,max:701,step:100) from db
2023-02-23 09:23:12.252 [check-idCache-thread] INFO  com.sankuai.inf.leaf.segment.SegmentIDGenImpl - update cache from db
2023-02-23 09:23:12.252 [check-idCache-thread] INFO  org.perf4j.TimingLogger - start[1677115392252] time[2] tag[updateCacheFromDb]
2023-02-23 09:24:12.261 [check-idCache-thread] INFO  com.sankuai.inf.leaf.segment.SegmentIDGenImpl - update cache from db
2023-02-23 09:24:12.261 [check-idCache-thread] INFO  org.perf4j.TimingLogger - start[1677115452261] time[7] tag[updateCacheFromDb]
2023-02-23 09:25:12.272 [check-idCache-thread] INFO  com.sankuai.inf.leaf.segment.SegmentIDGenImpl - update cache from db
2023-02-23 09:25:12.272 [check-idCache-thread] INFO  org.perf4j.TimingLogger - start[1677115512272] time[4] tag[updateCacheFromDb]
2023-02-23 09:26:12.277 [check-idCache-thread] INFO  com.sankuai.inf.leaf.segment.SegmentIDGenImpl - update cache from db
2023-02-23 09:26:12.277 [check-idCache-thread] INFO  org.perf4j.TimingLogger - start[1677115572277] time[6] tag[updateCacheFromDb]
2023-02-23 09:27:12.295 [check-idCache-thread] INFO  com.sankuai.inf.leaf.segment.SegmentIDGenImpl - update cache from db
2023-02-23 09:27:12.295 [check-idCache-thread] INFO  org.perf4j.TimingLogger - start[1677115632295] time[4] tag[updateCacheFromDb]
2023-02-23 09:28:12.313 [check-idCache-thread] INFO  com.sankuai.inf.leaf.segment.SegmentIDGenImpl - update cache from db
2023-02-23 09:28:12.313 [check-idCache-thread] INFO  org.perf4j.TimingLogger - start[1677115692313] time[4] tag[updateCacheFromDb]
2023-02-23 09:29:12.331 [check-idCache-thread] INFO  com.sankuai.inf.leaf.segment.SegmentIDGenImpl - update cache from db
2023-02-23 09:29:12.331 [check-idCache-thread] INFO  org.perf4j.TimingLogger - start[1677115752331] time[4] tag[updateCacheFromDb]
2023-02-23 09:30:12.343 [check-idCache-thread] INFO  com.sankuai.inf.leaf.segment.SegmentIDGenImpl - update cache from db
2023-02-23 09:30:12.347 [check-idCache-thread] INFO  org.perf4j.TimingLogger - start[1677115812343] time[4] tag[updateCacheFromDb]
2023-02-23 09:31:12.357 [check-idCache-thread] INFO  com.sankuai.inf.leaf.segment.SegmentIDGenImpl - update cache from db
2023-02-23 09:31:12.361 [check-idCache-thread] INFO  org.perf4j.TimingLogger - start[1677115872357] time[4] tag[updateCacheFromDb]
2023-02-23 09:32:12.368 [check-idCache-thread] INFO  com.sankuai.inf.leaf.segment.SegmentIDGenImpl - update cache from db
2023-02-23 09:32:12.372 [check-idCache-thread] INFO  org.perf4j.TimingLogger - start[1677115932368] time[4] tag[updateCacheFromDb]
2023-02-23 09:33:12.381 [check-idCache-thread] INFO  com.sankuai.inf.leaf.segment.SegmentIDGenImpl - update cache from db
2023-02-23 09:33:12.386 [check-idCache-thread] INFO  org.perf4j.TimingLogger - start[1677115992381] time[4] tag[updateCacheFromDb]
2023-02-23 09:34:12.388 [check-idCache-thread] INFO  com.sankuai.inf.leaf.segment.SegmentIDGenImpl - update cache from db
2023-02-23 09:34:12.392 [check-idCache-thread] INFO  org.perf4j.TimingLogger - start[1677116052388] time[4] tag[updateCacheFromDb]
2023-02-23 09:35:00.479 [Thread-7] INFO  net.devh.boot.grpc.server.serverfactory.GrpcServerLifecycle - gRPC server shutdown.
